\BOOKMARK [1][-]{section.1}{\376\377\000D\000\351\000p\000l\000o\000y\000e\000r\000\040\000e\000t\000\040\000g\000\351\000r\000e\000r\000\040\000u\000n\000e\000\040\000s\000t\000a\000c\000k\000\040\000d\000e\000\040\000s\000e\000r\000v\000i\000c\000e\000s\000\040\000i\000n\000t\000e\000r\000c\000o\000n\000n\000e\000c\000t\000\351\000s}{}% 1
\BOOKMARK [2][-]{subsection.1.1}{\376\377\000P\000r\000e\000m\000i\000\350\000r\000e\000\040\000c\000o\000n\000f\000i\000g\000u\000r\000a\000t\000i\000o\000n}{section.1}% 2
\BOOKMARK [3][-]{subsubsection.1.1.1}{\376\377\000Q\000u\000e\000s\000t\000i\000o\000n\000\040\0002\000-\0003\000-\0004}{subsection.1.1}% 3
\BOOKMARK [3][-]{subsubsection.1.1.2}{\376\377\000Q\000u\000e\000s\000t\000i\000o\000n\000\040\0005}{subsection.1.1}% 4
\BOOKMARK [2][-]{subsection.1.2}{\376\377\000C\000o\000n\000f\000i\000g\000u\000r\000a\000t\000i\000o\000n\000\040\000d\000e\000\040\000s\000e\000r\000v\000i\000c\000e\000s\000\040\000i\000n\000t\000e\000r\000c\000o\000n\000n\000e\000c\000t\000\351\000s}{section.1}% 5
\BOOKMARK [3][-]{subsubsection.1.2.1}{\376\377\000Q\000u\000e\000s\000t\000i\000o\000n\000\040\0001\000-\0002}{subsection.1.2}% 6
\BOOKMARK [1][-]{section.2}{\376\377\000R\000\351\000a\000l\000i\000s\000e\000r\000\040\000e\000t\000\040\000p\000u\000b\000l\000i\000e\000r\000\040\000s\000o\000n\000\040\000i\000m\000a\000g\000e\000\040\000D\000o\000c\000k\000e\000r}{}% 7
\BOOKMARK [2][-]{subsection.2.1}{\376\377\000C\000r\000\351\000e\000r\000\040\000u\000n\000\040\000f\000i\000c\000h\000i\000e\000r\000\040\000D\000o\000c\000k\000e\000r\000f\000i\000l\000e}{section.2}% 8
\BOOKMARK [3][-]{subsubsection.2.1.1}{\376\377\000Q\000u\000e\000s\000t\000i\000o\000n\000\040\000a}{subsection.2.1}% 9
\BOOKMARK [3][-]{subsubsection.2.1.2}{\376\377\000Q\000u\000e\000s\000t\000i\000o\000n\000\040\000b}{subsection.2.1}% 10
\BOOKMARK [3][-]{subsubsection.2.1.3}{\376\377\000Q\000u\000e\000s\000t\000i\000o\000n\000\040\000c}{subsection.2.1}% 11
\BOOKMARK [2][-]{subsection.2.2}{\376\377\000D\000o\000c\000k\000e\000r\000f\000i\000l\000e\000\040\000-\000\040\000u\000n\000\040\000p\000e\000u\000\040\000p\000l\000u\000s\000\040\000l\000o\000i\000n}{section.2}% 12
\BOOKMARK [3][-]{subsubsection.2.2.1}{\376\377\000Q\000u\000e\000s\000t\000i\000o\000n\000\040\000a}{subsection.2.2}% 13
\BOOKMARK [3][-]{subsubsection.2.2.2}{\376\377\000Q\000u\000e\000s\000t\000i\000o\000n\000\040\000b}{subsection.2.2}% 14
\BOOKMARK [3][-]{subsubsection.2.2.3}{\376\377\000Q\000u\000e\000s\000t\000i\000o\000n\000\040\000c}{subsection.2.2}% 15
\BOOKMARK [3][-]{subsubsection.2.2.4}{\376\377\000Q\000u\000e\000s\000t\000i\000o\000n\000\040\000d}{subsection.2.2}% 16
\BOOKMARK [2][-]{subsection.2.3}{\376\377\000P\000u\000b\000l\000i\000e\000r\000\040\000s\000o\000n\000\040\000i\000m\000a\000g\000e\000\040\000s\000u\000r\000\040\000u\000n\000\040\000r\000e\000g\000i\000s\000t\000r\000y\000\040\000p\000r\000i\000v\000\351}{section.2}% 17
\BOOKMARK [3][-]{subsubsection.2.3.1}{\376\377\000Q\000u\000e\000s\000t\000i\000o\000n\000\040\000a\000-\000b\000-\000c}{subsection.2.3}% 18
\BOOKMARK [3][-]{subsubsection.2.3.2}{\376\377\000Q\000u\000e\000s\000t\000i\000o\000n\000\040\000d\000-\000e}{subsection.2.3}% 19
\BOOKMARK [1][-]{section.3}{\376\377\000S\000c\000r\000i\000p\000t\000\040\000b\000a\000s\000h\000\040\000p\000o\000u\000r\000\040\000c\000r\000\351\000e\000r\000\040\000e\000t\000\040\000\351\000x\000e\000c\000u\000t\000e\000r\000\040\000u\000n\000\040\000c\000o\000n\000t\000e\000n\000e\000u\000r\000\040\000D\000o\000c\000k\000e\000r}{}% 20
\BOOKMARK [2][-]{subsection.3.1}{\376\377\000L\000e\000\040\000s\000c\000r\000i\000p\000t}{section.3}% 21
